2025-09-14 19:49:18,630 - INFO - Gateway window created successfully, HWND: 4916710
2025-09-14 19:49:18,630 - INFO - WeChat Message Gateway started
2025-09-14 19:49:18,631 - INFO - Waiting for messages from DLL...
2025-09-14 19:51:24,368 - ERROR - Error handling COPYDATA: 'int' object has no attribute 'lpData'
2025-09-14 19:51:30,632 - ERROR - Error handling COPYDATA: 'int' object has no attribute 'lpData'
2025-09-14 19:58:07,645 - INFO - Gateway window created successfully, HWND: 4982246
2025-09-14 19:58:07,646 - INFO - WeChat Message Gateway started
2025-09-14 19:58:07,646 - INFO - Waiting for messages from DLL...
2025-09-14 19:58:27,973 - ERROR - lparam does not have expected attributes, type: <class 'int'>
2025-09-14 19:58:30,658 - ERROR - lparam does not have expected attributes, type: <class 'int'>
2025-09-14 19:58:31,618 - ERROR - lparam does not have expected attributes, type: <class 'int'>
2025-09-14 19:58:32,293 - ERROR - lparam does not have expected attributes, type: <class 'int'>
2025-09-14 19:58:32,784 - ERROR - lparam does not have expected attributes, type: <class 'int'>
2025-09-14 19:58:33,224 - ERROR - lparam does not have expected attributes, type: <class 'int'>
2025-09-14 19:58:33,667 - ERROR - lparam does not have expected attributes, type: <class 'int'>
2025-09-14 19:58:34,102 - ERROR - lparam does not have expected attributes, type: <class 'int'>
2025-09-14 19:58:34,572 - ERROR - lparam does not have expected attributes, type: <class 'int'>
2025-09-14 19:58:35,081 - ERROR - lparam does not have expected attributes, type: <class 'int'>
2025-09-14 19:58:35,863 - ERROR - lparam does not have expected attributes, type: <class 'int'>
2025-09-14 20:07:21,939 - ERROR - lparam does not have expected attributes, type: <class 'int'>
2025-09-14 20:11:46,100 - ERROR - lparam does not have expected attributes, type: <class 'int'>
2025-09-14 20:14:00,932 - INFO - Gateway window created successfully, HWND: 5047782
2025-09-14 20:14:00,933 - INFO - WeChat Message Gateway started
2025-09-14 20:14:00,933 - INFO - Waiting for messages from DLL...
2025-09-14 20:14:12,393 - INFO - Received binary data, length: 585 bytes
2025-09-14 20:25:09,273 - INFO - Gateway window created successfully, HWND: 5113318
2025-09-14 20:25:09,273 - INFO - WeChat Message Gateway started
2025-09-14 20:25:09,273 - INFO - Waiting for messages from DLL...
2025-09-14 20:25:12,607 - ERROR - Failed to read memory at lpData: 'memoryview' object has no attribute 'decode'
2025-09-14 20:27:08,379 - INFO - Gateway window created successfully, HWND: 5178854
2025-09-14 20:27:08,379 - INFO - WeChat Message Gateway started
2025-09-14 20:27:08,379 - INFO - Waiting for messages from DLL...
2025-09-14 20:27:25,869 - INFO - Received message: {
  "content": "1",
  "extra": "",
  "id": 274862037072077630,
  "is_group": false,
  "is_self": true,
  "roomid": "filehelper",
  "sender": "self",
  "sign": "1997ef4830e7a93f50d85594e4032691",
  "thumb": "",
  "ts": 1757852845,
  "type": 1,
  "xml": "<msgsource>\n    <pua>1</pua>\n    <eggIncluded>1</eggIncluded>\n    <signature>N0_V1_JWt/RfA+|v1_haMDCUyG</signature>\n    <tmp_node>\n        <publisher-id />\n    </tmp_node>\n    <sec_msg_node>\n        <alnode>\n            <fr>1</fr>\n        </alnode>\n    </sec_msg_node>\n</msgsource>\n"
}
